<?xml version="1.0" encoding="UTF-8"?>
<!-- Generated by org.testng.reporters.JUnitReportReporter -->
<testsuite hostname="DESKTOP-G5M5I8R" failures="0" tests="5" name="projecttowqa.myTest" time="1.205" errors="0" timestamp="2024-06-18T17:30:09 EET" skipped="0">
  <testcase classname="projecttowqa.myTest" name="myfirstTest" time="0.735"/>
  <system-out/>
  <testcase classname="projecttowqa.myTest" name="mytest" time="0.164"/>
  <system-out/>
  <testcase classname="projecttowqa.myTest" name="filtertest" time="0.142"/>
  <system-out/>
  <testcase classname="projecttowqa.myTest" name="getPrice" time="0.089"/>
  <system-out/>
  <testcase classname="projecttowqa.myTest" name="getenditem" time="0.075"/>
  <system-out/>
</testsuite> <!-- projecttowqa.myTest -->
